# JRE version: OpenJDK Runtime Environment (8.0_212) (build 1.8.0_212-release-1586-b4-5784211)
# Java VM: OpenJDK 64-Bit Server VM (25.212-b4-5784211 mixed mode bsd-amd64 compressed oops)
Heap:
 PSYoungGen      total 456704K, used 280358K [0x00000007a0000000, 0x00000007c0000000, 0x00000007c0000000)
  eden space 398336K, 67% used [0x00000007a0000000,0x00000007b067bf68,0x00000007b8500000)
  from space 58368K, 19% used [0x00000007bbe80000,0x00000007bc9cdc30,0x00000007bf780000)
  to   space 58880K, 0% used [0x00000007b8500000,0x00000007b8500000,0x00000007bbe80000)
 ParOldGen       total 223232K, used 99437K [0x0000000760000000, 0x000000076da00000, 0x00000007a0000000)
  object space 223232K, 44% used [0x0000000760000000,0x000000076611b548,0x000000076da00000)
 Metaspace       used 108843K, capacity 114510K, committed 115584K, reserved 1148928K
  class space    used 13918K, capacity 14941K, committed 15232K, reserved 1048576K
GC Heap History (10 events):
Event: 4980.964 GC heap before
{Heap before GC invocations=26 (full 4):
 PSYoungGen      total 444928K, used 444525K [0x00000007a0000000, 0x00000007c0000000, 0x00000007c0000000)
  eden space 405504K, 100% used [0x00000007a0000000,0x00000007b8c00000,0x00000007b8c00000)
  from space 39424K, 98% used [0x00000007b8c00000,0x00000007bb21b6d8,0x00000007bb280000)
  to   space 60928K, 0% used [0x00000007bc480000,0x00000007bc480000,0x00000007c0000000)
 ParOldGen       total 223232K, used 54448K [0x0000000760000000, 0x000000076da00000, 0x00000007a0000000)
  object space 223232K, 24% used [0x0000000760000000,0x000000076352c3f8,0x000000076da00000)
 Metaspace       used 108024K, capacity 113602K, committed 114816K, reserved 1148928K
  class space    used 13913K, capacity 14937K, committed 15232K, reserved 1048576K
Event: 4981.084 GC heap after
Heap after GC invocations=26 (full 4):
 PSYoungGen      total 463360K, used 36722K [0x00000007a0000000, 0x00000007c0000000, 0x00000007c0000000)
  eden space 402432K, 0% used [0x00000007a0000000,0x00000007a0000000,0x00000007b8900000)
  from space 60928K, 60% used [0x00000007bc480000,0x00000007be85c830,0x00000007c0000000)
  to   space 60928K, 0% used [0x00000007b8900000,0x00000007b8900000,0x00000007bc480000)
 ParOldGen       total 223232K, used 54456K [0x0000000760000000, 0x000000076da00000, 0x00000007a0000000)
  object space 223232K, 24% used [0x0000000760000000,0x000000076352e3f8,0x000000076da00000)
 Metaspace       used 108024K, capacity 113602K, committed 114816K, reserved 1148928K
  class space    used 13913K, capacity 14937K, committed 15232K, reserved 1048576K
}
Event: 4982.500 GC heap before
{Heap before GC invocations=27 (full 4):
 PSYoungGen      total 463360K, used 439154K [0x00000007a0000000, 0x00000007c0000000, 0x00000007c0000000)
  eden space 402432K, 100% used [0x00000007a0000000,0x00000007b8900000,0x00000007b8900000)
  from space 60928K, 60% used [0x00000007bc480000,0x00000007be85c830,0x00000007c0000000)
  to   space 60928K, 0% used [0x00000007b8900000,0x00000007b8900000,0x00000007bc480000)
 ParOldGen       total 223232K, used 54456K [0x0000000760000000, 0x000000076da00000, 0x00000007a0000000)
  object space 223232K, 24% used [0x0000000760000000,0x000000076352e3f8,0x000000076da00000)
 Metaspace       used 108254K, capacity 113890K, committed 115072K, reserved 1148928K
  class space    used 13914K, capacity 14939K, committed 15232K, reserved 1048576K
Event: 4982.600 GC heap after
Heap after GC invocations=27 (full 4):
 PSYoungGen      total 448512K, used 45570K [0x00000007a0000000, 0x00000007c0000000, 0x00000007c0000000)
  eden space 402432K, 0% used [0x00000007a0000000,0x00000007a0000000,0x00000007b8900000)
  from space 46080K, 98% used [0x00000007b8900000,0x00000007bb5808e0,0x00000007bb600000)
  to   space 64000K, 0% used [0x00000007bc180000,0x00000007bc180000,0x00000007c0000000)
 ParOldGen       total 223232K, used 60085K [0x0000000760000000, 0x000000076da00000, 0x00000007a0000000)
  object space 223232K, 26% used [0x0000000760000000,0x0000000763aad598,0x000000076da00000)
 Metaspace       used 108254K, capacity 113890K, committed 115072K, reserved 1148928K
  class space    used 13914K, capacity 14939K, committed 15232K, reserved 1048576K
}
Event: 4985.349 GC heap before
{Heap before GC invocations=28 (full 4):
 PSYoungGen      total 448512K, used 448002K [0x00000007a0000000, 0x00000007c0000000, 0x00000007c0000000)
  eden space 402432K, 100% used [0x00000007a0000000,0x00000007b8900000,0x00000007b8900000)
  from space 46080K, 98% used [0x00000007b8900000,0x00000007bb5808e0,0x00000007bb600000)
  to   space 64000K, 0% used [0x00000007bc180000,0x00000007bc180000,0x00000007c0000000)
 ParOldGen       total 223232K, used 60085K [0x0000000760000000, 0x000000076da00000, 0x00000007a0000000)
  object space 223232K, 26% used [0x0000000760000000,0x0000000763aad598,0x000000076da00000)
 Metaspace       used 108540K, capacity 114188K, committed 115328K, reserved 1148928K
  class space    used 13917K, capacity 14940K, committed 15232K, reserved 1048576K
Event: 4985.818 GC heap after
Heap after GC invocations=28 (full 4):
 PSYoungGen      total 462848K, used 32194K [0x00000007a0000000, 0x00000007c0000000, 0x00000007c0000000)
  eden space 398848K, 0% used [0x00000007a0000000,0x00000007a0000000,0x00000007b8580000)
  from space 64000K, 50% used [0x00000007bc180000,0x00000007be0f0b60,0x00000007c0000000)
  to   space 61440K, 0% used [0x00000007b8580000,0x00000007b8580000,0x00000007bc180000)
 ParOldGen       total 223232K, used 78516K [0x0000000760000000, 0x000000076da00000, 0x00000007a0000000)
  object space 223232K, 35% used [0x0000000760000000,0x0000000764cad030,0x000000076da00000)
 Metaspace       used 108540K, capacity 114188K, committed 115328K, reserved 1148928K
  class space    used 13917K, capacity 14940K, committed 15232K, reserved 1048576K
}
Event: 4988.492 GC heap before
{Heap before GC invocations=29 (full 4):
 PSYoungGen      total 462848K, used 431042K [0x00000007a0000000, 0x00000007c0000000, 0x00000007c0000000)
  eden space 398848K, 100% used [0x00000007a0000000,0x00000007b8580000,0x00000007b8580000)
  from space 64000K, 50% used [0x00000007bc180000,0x00000007be0f0b60,0x00000007c0000000)
  to   space 61440K, 0% used [0x00000007b8580000,0x00000007b8580000,0x00000007bc180000)
 ParOldGen       total 223232K, used 78516K [0x0000000760000000, 0x000000076da00000, 0x00000007a0000000)
  object space 223232K, 35% used [0x0000000760000000,0x0000000764cad030,0x000000076da00000)
 Metaspace       used 108689K, capacity 114344K, committed 115328K, reserved 1148928K
  class space    used 13917K, capacity 14940K, committed 15232K, reserved 1048576K
Event: 4988.565 GC heap after
Heap after GC invocations=29 (full 4):
 PSYoungGen      total 429568K, used 30396K [0x00000007a0000000, 0x00000007bf780000, 0x00000007c0000000)
  eden space 398848K, 0% used [0x00000007a0000000,0x00000007a0000000,0x00000007b8580000)
  from space 30720K, 98% used [0x00000007b8580000,0x00000007ba32f368,0x00000007ba380000)
  to   space 58368K, 0% used [0x00000007bbe80000,0x00000007bbe80000,0x00000007bf780000)
 ParOldGen       total 223232K, used 80497K [0x0000000760000000, 0x000000076da00000, 0x00000007a0000000)
  object space 223232K, 36% used [0x0000000760000000,0x0000000764e9c6f8,0x000000076da00000)
 Metaspace       used 108689K, capacity 114344K, committed 115328K, reserved 1148928K
  class space    used 13917K, capacity 14940K, committed 15232K, reserved 1048576K
}
Event: 4990.637 GC heap before
{Heap before GC invocations=30 (full 4):
 PSYoungGen      total 429568K, used 429244K [0x00000007a0000000, 0x00000007bf780000, 0x00000007c0000000)
  eden space 398848K, 100% used [0x00000007a0000000,0x00000007b8580000,0x00000007b8580000)
  from space 30720K, 98% used [0x00000007b8580000,0x00000007ba32f368,0x00000007ba380000)
  to   space 58368K, 0% used [0x00000007bbe80000,0x00000007bbe80000,0x00000007bf780000)
 ParOldGen       total 223232K, used 80497K [0x0000000760000000, 0x000000076da00000, 0x00000007a0000000)
  object space 223232K, 36% used [0x0000000760000000,0x0000000764e9c6f8,0x000000076da00000)
 Metaspace       used 108799K, capacity 114438K, committed 115584K, reserved 1148928K
  class space    used 13918K, capacity 14941K, committed 15232K, reserved 1048576K
Event: 4990.999 GC heap after
Heap after GC invocations=30 (full 4):
 PSYoungGen      total 456704K, used 11575K [0x00000007a0000000, 0x00000007c0000000, 0x00000007c0000000)
  eden space 398336K, 0% used [0x00000007a0000000,0x00000007a0000000,0x00000007b8500000)
  from space 58368K, 19% used [0x00000007bbe80000,0x00000007bc9cdc30,0x00000007bf780000)
  to   space 58880K, 0% used [0x00000007b8500000,0x00000007b8500000,0x00000007bbe80000)
 ParOldGen       total 223232K, used 99437K [0x0000000760000000, 0x000000076da00000, 0x00000007a0000000)
  object space 223232K, 44% used [0x0000000760000000,0x000000076611b548,0x000000076da00000)
 Metaspace       used 108799K, capacity 114438K, committed 115584K, reserved 1148928K
  class space    used 13918K, capacity 14941K, committed 15232K, reserved 1048576K
}

